<?xml version="1.0" encoding="UTF-8"?>
<!-- Generated by org.testng.reporters.JUnitXMLReporter -->
<testsuite ignored="1" hostname="DESKTOP-URFV0HQ" failures="0" tests="1" name="PositiveTests" time="8.605" errors="0" timestamp="2023-01-18T10:14:51 EST">
  <testcase classname="com.herokuapp.theinternet.LoginTests" name="positiveLoginTest" time="3.83"/>
  <testcase classname="com.herokuapp.theinternet.LoginTests" name="negativeLoginTest" time="0.0">
    <ignored/>
  </testcase> <!-- negativeLoginTest -->
</testsuite> <!-- PositiveTests -->
