<?xml version="1.0" encoding="UTF-8"?>
<!-- Generated by org.testng.reporters.JUnitXMLReporter -->
<testsuite ignored="1" hostname="DESKTOP-URFV0HQ" failures="0" tests="1" name="PositiveTests" time="9.288" errors="0" timestamp="2023-01-21T17:22:28 EST">
  <testcase classname="com.herokuapp.theinternet.LoginTests" name="positiveLoginTest" time="3.944"/>
  <testcase classname="com.herokuapp.theinternet.LoginTests" name="negativeLoginTest" time="0.0">
    <ignored/>
  </testcase> <!-- negativeLoginTest -->
</testsuite> <!-- PositiveTests -->
