<?xml version="1.0" encoding="UTF-8"?>
<testng-results ignored="0" total="1" passed="1" failed="0" skipped="0">
  <reporter-output>
  </reporter-output>
  <suite started-at="2023-01-19T17:51:41 EST" name="Debug" finished-at="2023-01-19T17:51:49 EST" duration-ms="7693">
    <groups>
    </groups>
    <test started-at="2023-01-19T17:51:41 EST" name="ExceptionsTest" finished-at="2023-01-19T17:51:49 EST" duration-ms="7693">
      <class name="com.herokuapp.theinternet.ExceptionsTests">
        <test-method is-config="true" signature="setUp(java.lang.String)[pri:0, instance:com.herokuapp.theinternet.ExceptionsTests@35cabb2a]" started-at="2023-01-19T17:51:41 EST" name="setUp" finished-at="2023-01-19T17:51:42 EST" duration-ms="1456" status="PASS">
          <params>
            <param index="0">
              <value>
                <![CDATA[chrome]]>
              </value>
            </param>
          </params>
          <reporter-output>
          </reporter-output>
        </test-method> <!-- setUp -->
        <test-method signature="noSuchElementExceptionTest()[pri:0, instance:com.herokuapp.theinternet.ExceptionsTests@35cabb2a]" started-at="2023-01-19T17:51:42 EST" name="noSuchElementExceptionTest" finished-at="2023-01-19T17:51:48 EST" duration-ms="6088" status="PASS">
          <reporter-output>
          </reporter-output>
        </test-method> <!-- noSuchElementExceptionTest -->
        <test-method is-config="true" signature="tearDown()[pri:0, instance:com.herokuapp.theinternet.ExceptionsTests@35cabb2a]" started-at="2023-01-19T17:51:48 EST" name="tearDown" finished-at="2023-01-19T17:51:49 EST" duration-ms="121" status="PASS">
          <reporter-output>
          </reporter-output>
        </test-method> <!-- tearDown -->
      </class> <!-- com.herokuapp.theinternet.ExceptionsTests -->
    </test> <!-- ExceptionsTest -->
  </suite> <!-- Debug -->
</testng-results>
