<?xml version="1.0" encoding="UTF-8"?>
<testng-results ignored="0" total="2" passed="2" failed="0" skipped="0">
  <reporter-output>
  </reporter-output>
  <suite started-at="2019-03-30T00:46:26Z" name="Default suite" finished-at="2019-03-30T00:46:52Z" duration-ms="26159">
    <groups>
    </groups>
    <test started-at="2019-03-30T00:46:26Z" name="Default test" finished-at="2019-03-30T00:46:52Z" duration-ms="26159">
      <class name="com.herokuapp.theinternet.NegativeTests">
        <test-method signature="incorrectPasswordTest()[pri:0, instance:com.herokuapp.theinternet.NegativeTests@3a52dba3]" started-at="2019-03-30T00:46:26Z" name="incorrectPasswordTest" finished-at="2019-03-30T00:46:40Z" duration-ms="13745" status="PASS">
          <reporter-output>
          </reporter-output>
        </test-method> <!-- incorrectPasswordTest -->
        <test-method signature="incorrectUsernameTest()[pri:0, instance:com.herokuapp.theinternet.NegativeTests@3a52dba3]" started-at="2019-03-30T00:46:40Z" name="incorrectUsernameTest" finished-at="2019-03-30T00:46:52Z" duration-ms="12384" status="PASS">
          <reporter-output>
          </reporter-output>
        </test-method> <!-- incorrectUsernameTest -->
      </class> <!-- com.herokuapp.theinternet.NegativeTests -->
    </test> <!-- Default test -->
  </suite> <!-- Default suite -->
</testng-results>
