<?xml version="1.0" encoding="UTF-8"?>
<testng-results ignored="0" total="3" passed="3" failed="0" skipped="0">
  <reporter-output>
  </reporter-output>
  <suite started-at="2019-03-30T01:16:25Z" name="AllTests" finished-at="2019-03-30T01:17:10Z" duration-ms="45265">
    <groups>
    </groups>
    <test started-at="2019-03-30T01:16:25Z" name="PositiveTests" finished-at="2019-03-30T01:16:38Z" duration-ms="13145">
      <class name="com.herokuapp.theinternet.PositiveTests">
        <test-method signature="loginTest()[pri:0, instance:com.herokuapp.theinternet.PositiveTests@385c9627]" started-at="2019-03-30T01:16:25Z" name="loginTest" finished-at="2019-03-30T01:16:38Z" duration-ms="13115" status="PASS">
          <reporter-output>
          </reporter-output>
        </test-method> <!-- loginTest -->
      </class> <!-- com.herokuapp.theinternet.PositiveTests -->
    </test> <!-- PositiveTests -->
    <test started-at="2019-03-30T01:16:38Z" name="NegativeTests" finished-at="2019-03-30T01:17:10Z" duration-ms="32071">
      <class name="com.herokuapp.theinternet.NegativeTests">
        <test-method signature="incorrectPasswordTest()[pri:0, instance:com.herokuapp.theinternet.NegativeTests@1c1bbc4e]" started-at="2019-03-30T01:16:38Z" name="incorrectPasswordTest" finished-at="2019-03-30T01:16:52Z" duration-ms="13450" status="PASS">
          <reporter-output>
          </reporter-output>
        </test-method> <!-- incorrectPasswordTest -->
        <test-method signature="incorrectUsernameTest()[pri:0, instance:com.herokuapp.theinternet.NegativeTests@1c1bbc4e]" started-at="2019-03-30T01:16:52Z" name="incorrectUsernameTest" finished-at="2019-03-30T01:17:10Z" duration-ms="18620" status="PASS">
          <reporter-output>
          </reporter-output>
        </test-method> <!-- incorrectUsernameTest -->
      </class> <!-- com.herokuapp.theinternet.NegativeTests -->
    </test> <!-- NegativeTests -->
  </suite> <!-- AllTests -->
</testng-results>
