<?xml version="1.0" encoding="UTF-8"?>
<testng-results ignored="0" total="3" passed="3" failed="0" skipped="0">
  <reporter-output>
  </reporter-output>
  <suite started-at="2019-03-30T01:09:53Z" name="AllTests" finished-at="2019-03-30T01:10:50Z" duration-ms="56542">
    <groups>
    </groups>
    <test started-at="2019-03-30T01:09:53Z" name="PositiveTests" finished-at="2019-03-30T01:10:10Z" duration-ms="16583">
      <class name="com.herokuapp.theinternet.PositiveTests">
        <test-method signature="loginTest()[pri:0, instance:com.herokuapp.theinternet.PositiveTests@24aed80c]" started-at="2019-03-30T01:09:53Z" name="loginTest" finished-at="2019-03-30T01:10:10Z" duration-ms="16553" status="PASS">
          <reporter-output>
          </reporter-output>
        </test-method> <!-- loginTest -->
      </class> <!-- com.herokuapp.theinternet.PositiveTests -->
    </test> <!-- PositiveTests -->
    <test started-at="2019-03-30T01:10:10Z" name="NegativeTests" finished-at="2019-03-30T01:10:50Z" duration-ms="39883">
      <class name="com.herokuapp.theinternet.NegativeTests">
        <test-method signature="incorrectPasswordTest()[pri:0, instance:com.herokuapp.theinternet.NegativeTests@6913c1fb]" started-at="2019-03-30T01:10:10Z" name="incorrectPasswordTest" finished-at="2019-03-30T01:10:24Z" duration-ms="13608" status="PASS">
          <reporter-output>
          </reporter-output>
        </test-method> <!-- incorrectPasswordTest -->
        <test-method signature="incorrectUsernameTest()[pri:0, instance:com.herokuapp.theinternet.NegativeTests@6913c1fb]" started-at="2019-03-30T01:10:24Z" name="incorrectUsernameTest" finished-at="2019-03-30T01:10:50Z" duration-ms="26271" status="PASS">
          <reporter-output>
          </reporter-output>
        </test-method> <!-- incorrectUsernameTest -->
      </class> <!-- com.herokuapp.theinternet.NegativeTests -->
    </test> <!-- NegativeTests -->
  </suite> <!-- AllTests -->
</testng-results>
