<?xml version="1.0" encoding="UTF-8"?>
<!-- Generated by org.testng.reporters.JUnitXMLReporter -->
<testsuite ignored="4" hostname="DESKTOP-URFV0HQ" failures="0" tests="1" name="ExceptionsTest" time="7.742" errors="0" timestamp="2023-01-21T17:15:44 EST">
  <testcase classname="com.herokuapp.theinternet.ExceptionsTests" name="timeoutExceptionTest" time="6.159"/>
  <testcase classname="com.herokuapp.theinternet.ExceptionsTests" name="invalidElementStateExceptionTest" time="0.0">
    <ignored/>
  </testcase> <!-- invalidElementStateExceptionTest -->
  <testcase classname="com.herokuapp.theinternet.ExceptionsTests" name="elementNotInteractableExceptionTest" time="0.0">
    <ignored/>
  </testcase> <!-- elementNotInteractableExceptionTest -->
  <testcase classname="com.herokuapp.theinternet.ExceptionsTests" name="staleElementReferenceExceptionTest" time="0.0">
    <ignored/>
  </testcase> <!-- staleElementReferenceExceptionTest -->
  <testcase classname="com.herokuapp.theinternet.ExceptionsTests" name="noSuchElementExceptionTest" time="0.0">
    <ignored/>
  </testcase> <!-- noSuchElementExceptionTest -->
</testsuite> <!-- ExceptionsTest -->
