<?xml version="1.0" encoding="UTF-8"?>
<testng-results ignored="1" total="2" passed="1" failed="0" skipped="0">
  <reporter-output>
  </reporter-output>
  <suite started-at="2023-01-19T18:15:52 EST" name="Debug" finished-at="2023-01-19T18:16:00 EST" duration-ms="7773">
    <groups>
    </groups>
    <test started-at="2023-01-19T18:15:52 EST" name="ExceptionsTest" finished-at="2023-01-19T18:16:00 EST" duration-ms="7773">
      <class name="com.herokuapp.theinternet.ExceptionsTests">
        <test-method is-config="true" signature="setUp(java.lang.String)[pri:0, instance:com.herokuapp.theinternet.ExceptionsTests@7e07db1f]" started-at="2023-01-19T18:15:52 EST" name="setUp" finished-at="2023-01-19T18:15:54 EST" duration-ms="1440" status="PASS">
          <params>
            <param index="0">
              <value>
                <![CDATA[chrome]]>
              </value>
            </param>
          </params>
          <reporter-output>
          </reporter-output>
        </test-method> <!-- setUp -->
        <test-method signature="elementNotInteractableExceptionTest()[pri:0, instance:com.herokuapp.theinternet.ExceptionsTests@7e07db1f]" started-at="2023-01-19T18:15:54 EST" name="elementNotInteractableExceptionTest" finished-at="2023-01-19T18:16:00 EST" duration-ms="6175" status="PASS">
          <reporter-output>
          </reporter-output>
        </test-method> <!-- elementNotInteractableExceptionTest -->
        <test-method is-config="true" signature="tearDown()[pri:0, instance:com.herokuapp.theinternet.ExceptionsTests@7e07db1f]" started-at="2023-01-19T18:16:00 EST" name="tearDown" finished-at="2023-01-19T18:16:00 EST" duration-ms="128" status="PASS">
          <reporter-output>
          </reporter-output>
        </test-method> <!-- tearDown -->
      </class> <!-- com.herokuapp.theinternet.ExceptionsTests -->
    </test> <!-- ExceptionsTest -->
  </suite> <!-- Debug -->
</testng-results>
