<?xml version="1.0" encoding="UTF-8"?>
<!-- Generated by org.testng.reporters.JUnitXMLReporter -->
<testsuite ignored="0" hostname="Dee-PC" failures="0" tests="2" name="NegativeTests" time="39.883" errors="0" timestamp="30 Mar 2019 01:10:50 GMT">
  <testcase classname="com.herokuapp.theinternet.NegativeTests" name="incorrectPasswordTest" time="13.608"/>
  <testcase classname="com.herokuapp.theinternet.NegativeTests" name="incorrectUsernameTest" time="26.271"/>
</testsuite> <!-- NegativeTests -->
