<?xml version="1.0" encoding="UTF-8"?>
<testng-results ignored="2" total="3" passed="1" failed="0" skipped="0">
  <reporter-output>
  </reporter-output>
  <suite started-at="2023-01-21T16:54:37 EST" name="Debug" finished-at="2023-01-21T16:54:41 EST" duration-ms="3430">
    <groups>
    </groups>
    <test started-at="2023-01-21T16:54:37 EST" name="ExceptionsTest" finished-at="2023-01-21T16:54:41 EST" duration-ms="3430">
      <class name="com.herokuapp.theinternet.ExceptionsTests">
        <test-method is-config="true" signature="setUp(java.lang.String)[pri:0, instance:com.herokuapp.theinternet.ExceptionsTests@1189dd52]" started-at="2023-01-21T16:54:37 EST" name="setUp" finished-at="2023-01-21T16:54:39 EST" duration-ms="1413" status="PASS">
          <params>
            <param index="0">
              <value>
                <![CDATA[chrome]]>
              </value>
            </param>
          </params>
          <reporter-output>
          </reporter-output>
        </test-method> <!-- setUp -->
        <test-method signature="invalidElementStateExceptionTest()[pri:0, instance:com.herokuapp.theinternet.ExceptionsTests@1189dd52]" started-at="2023-01-21T16:54:39 EST" name="invalidElementStateExceptionTest" finished-at="2023-01-21T16:54:40 EST" duration-ms="1869" status="PASS">
          <reporter-output>
          </reporter-output>
        </test-method> <!-- invalidElementStateExceptionTest -->
        <test-method is-config="true" signature="tearDown()[pri:0, instance:com.herokuapp.theinternet.ExceptionsTests@1189dd52]" started-at="2023-01-21T16:54:40 EST" name="tearDown" finished-at="2023-01-21T16:54:41 EST" duration-ms="116" status="PASS">
          <reporter-output>
          </reporter-output>
        </test-method> <!-- tearDown -->
      </class> <!-- com.herokuapp.theinternet.ExceptionsTests -->
    </test> <!-- ExceptionsTest -->
  </suite> <!-- Debug -->
</testng-results>
