<?xml version="1.0" encoding="UTF-8"?>
<testng-results ignored="3" total="6" passed="3" failed="0" skipped="0">
  <reporter-output>
  </reporter-output>
  <suite started-at="2023-01-18T10:14:42 EST" name="NegativeTestsSuite" finished-at="2023-01-18T10:15:08 EST" duration-ms="26098">
    <groups>
      <group name="positiveTests">
        <method signature="LoginTests.positiveLoginTest()[pri:1, instance:com.herokuapp.theinternet.LoginTests@16d04d3d]" name="positiveLoginTest" class="com.herokuapp.theinternet.LoginTests"/>
      </group> <!-- positiveTests -->
      <group name="smokeTests">
        <method signature="LoginTests.positiveLoginTest()[pri:1, instance:com.herokuapp.theinternet.LoginTests@16d04d3d]" name="positiveLoginTest" class="com.herokuapp.theinternet.LoginTests"/>
        <method signature="LoginTests.negativeLoginTest(java.lang.String,java.lang.String,java.lang.String)[pri:2, instance:com.herokuapp.theinternet.LoginTests@411f53a0]" name="negativeLoginTest" class="com.herokuapp.theinternet.LoginTests"/>
        <method signature="LoginTests.negativeLoginTest(java.lang.String,java.lang.String,java.lang.String)[pri:2, instance:com.herokuapp.theinternet.LoginTests@28701274]" name="negativeLoginTest" class="com.herokuapp.theinternet.LoginTests"/>
      </group> <!-- smokeTests -->
      <group name="negativeTests">
        <method signature="LoginTests.negativeLoginTest(java.lang.String,java.lang.String,java.lang.String)[pri:2, instance:com.herokuapp.theinternet.LoginTests@411f53a0]" name="negativeLoginTest" class="com.herokuapp.theinternet.LoginTests"/>
        <method signature="LoginTests.negativeLoginTest(java.lang.String,java.lang.String,java.lang.String)[pri:2, instance:com.herokuapp.theinternet.LoginTests@28701274]" name="negativeLoginTest" class="com.herokuapp.theinternet.LoginTests"/>
      </group> <!-- negativeTests -->
    </groups>
    <test started-at="2023-01-18T10:14:42 EST" name="PositiveTests" finished-at="2023-01-18T10:14:51 EST" duration-ms="8605">
      <class name="com.herokuapp.theinternet.LoginTests">
        <test-method is-config="true" signature="setUp(java.lang.String)[pri:0, instance:com.herokuapp.theinternet.LoginTests@16d04d3d]" started-at="2023-01-18T10:14:42 EST" name="setUp" finished-at="2023-01-18T10:14:47 EST" duration-ms="4621" status="PASS">
          <params>
            <param index="0">
              <value>
                <![CDATA[chrome]]>
              </value>
            </param>
          </params>
          <reporter-output>
          </reporter-output>
        </test-method> <!-- setUp -->
        <test-method signature="positiveLoginTest()[pri:1, instance:com.herokuapp.theinternet.LoginTests@16d04d3d]" started-at="2023-01-18T10:14:47 EST" name="positiveLoginTest" finished-at="2023-01-18T10:14:51 EST" duration-ms="3830" status="PASS">
          <reporter-output>
          </reporter-output>
        </test-method> <!-- positiveLoginTest -->
        <test-method is-config="true" signature="tearDown()[pri:0, instance:com.herokuapp.theinternet.LoginTests@16d04d3d]" started-at="2023-01-18T10:14:51 EST" name="tearDown" finished-at="2023-01-18T10:14:51 EST" duration-ms="125" status="PASS">
          <reporter-output>
          </reporter-output>
        </test-method> <!-- tearDown -->
      </class> <!-- com.herokuapp.theinternet.LoginTests -->
    </test> <!-- PositiveTests -->
    <test started-at="2023-01-18T10:14:51 EST" name="NegativeUsernameTests" finished-at="2023-01-18T10:14:58 EST" duration-ms="7540">
      <class name="com.herokuapp.theinternet.LoginTests">
        <test-method is-config="true" signature="setUp(java.lang.String)[pri:0, instance:com.herokuapp.theinternet.LoginTests@411f53a0]" started-at="2023-01-18T10:14:51 EST" name="setUp" finished-at="2023-01-18T10:14:54 EST" duration-ms="3660" status="PASS">
          <params>
            <param index="0">
              <value>
                <![CDATA[chrome]]>
              </value>
            </param>
          </params>
          <reporter-output>
          </reporter-output>
        </test-method> <!-- setUp -->
        <test-method signature="negativeLoginTest(java.lang.String,java.lang.String,java.lang.String)[pri:2, instance:com.herokuapp.theinternet.LoginTests@411f53a0]" started-at="2023-01-18T10:14:54 EST" name="negativeLoginTest" finished-at="2023-01-18T10:14:58 EST" duration-ms="3769" status="PASS">
          <params>
            <param index="0">
              <value>
                <![CDATA[incorrectUsername]]>
              </value>
            </param>
            <param index="1">
              <value>
                <![CDATA[SuperSecretPassword!]]>
              </value>
            </param>
            <param index="2">
              <value>
                <![CDATA[Your username is invalid!]]>
              </value>
            </param>
          </params>
          <reporter-output>
          </reporter-output>
        </test-method> <!-- negativeLoginTest -->
        <test-method is-config="true" signature="tearDown()[pri:0, instance:com.herokuapp.theinternet.LoginTests@411f53a0]" started-at="2023-01-18T10:14:58 EST" name="tearDown" finished-at="2023-01-18T10:14:58 EST" duration-ms="108" status="PASS">
          <reporter-output>
          </reporter-output>
        </test-method> <!-- tearDown -->
      </class> <!-- com.herokuapp.theinternet.LoginTests -->
    </test> <!-- NegativeUsernameTests -->
    <test started-at="2023-01-18T10:14:58 EST" name="NegativePasswordTests" finished-at="2023-01-18T10:15:08 EST" duration-ms="9936">
      <class name="com.herokuapp.theinternet.LoginTests">
        <test-method is-config="true" signature="setUp(java.lang.String)[pri:0, instance:com.herokuapp.theinternet.LoginTests@28701274]" started-at="2023-01-18T10:14:58 EST" name="setUp" finished-at="2023-01-18T10:15:03 EST" duration-ms="5173" status="PASS">
          <params>
            <param index="0">
              <value>
                <![CDATA[firefox]]>
              </value>
            </param>
          </params>
          <reporter-output>
          </reporter-output>
        </test-method> <!-- setUp -->
        <test-method signature="negativeLoginTest(java.lang.String,java.lang.String,java.lang.String)[pri:2, instance:com.herokuapp.theinternet.LoginTests@28701274]" started-at="2023-01-18T10:15:03 EST" name="negativeLoginTest" finished-at="2023-01-18T10:15:08 EST" duration-ms="4165" status="PASS">
          <params>
            <param index="0">
              <value>
                <![CDATA[tomsmith]]>
              </value>
            </param>
            <param index="1">
              <value>
                <![CDATA[incorrectPassword!]]>
              </value>
            </param>
            <param index="2">
              <value>
                <![CDATA[Your password is invalid!]]>
              </value>
            </param>
          </params>
          <reporter-output>
          </reporter-output>
        </test-method> <!-- negativeLoginTest -->
        <test-method is-config="true" signature="tearDown()[pri:0, instance:com.herokuapp.theinternet.LoginTests@28701274]" started-at="2023-01-18T10:15:08 EST" name="tearDown" finished-at="2023-01-18T10:15:08 EST" duration-ms="597" status="PASS">
          <reporter-output>
          </reporter-output>
        </test-method> <!-- tearDown -->
      </class> <!-- com.herokuapp.theinternet.LoginTests -->
    </test> <!-- NegativePasswordTests -->
  </suite> <!-- NegativeTestsSuite -->
</testng-results>
