<?xml version="1.0" encoding="UTF-8"?>
<!-- Generated by org.testng.reporters.JUnitXMLReporter -->
<testsuite ignored="1" hostname="Dee-PC" failures="0" tests="1" name="Exceptions Test" time="14.523" errors="0" timestamp="09 Apr 2019 00:17:40 GMT">
  <testcase classname="com.herokuapp.theinternet.ExceptionsTests" name="timeoutTest" time="6.278"/>
  <testcase classname="com.herokuapp.theinternet.ExceptionsTests" name="notVisibleTest" time="0.0">
    <ignored/>
  </testcase> <!-- notVisibleTest -->
</testsuite> <!-- Exceptions Test -->
