<?xml version="1.0" encoding="UTF-8"?>
<!-- Generated by org.testng.reporters.JUnitXMLReporter -->
<testsuite ignored="1" hostname="Dee-PC" failures="0" tests="1" name="NegativePasswordTests" time="12.589" errors="0" timestamp="05 Apr 2019 00:54:07 GMT">
  <testcase classname="com.herokuapp.theinternet.LoginTests" name="negativeLoginTest" time="5.118"/>
  <testcase classname="com.herokuapp.theinternet.LoginTests" name="positiveLoginTest" time="0.0">
    <ignored/>
  </testcase> <!-- positiveLoginTest -->
</testsuite> <!-- NegativePasswordTests -->
