<?xml version="1.0" encoding="UTF-8"?>
<!-- Generated by org.testng.reporters.JUnitXMLReporter -->
<testsuite ignored="1" hostname="Dee-PC" failures="0" tests="1" name="NegativeUsernameTests" time="12.74" errors="0" timestamp="05 Apr 2019 00:53:54 GMT">
  <testcase classname="com.herokuapp.theinternet.LoginTests" name="negativeLoginTest" time="5.303"/>
  <testcase classname="com.herokuapp.theinternet.LoginTests" name="positiveLoginTest" time="0.0">
    <ignored/>
  </testcase> <!-- positiveLoginTest -->
</testsuite> <!-- NegativeUsernameTests -->
