<?xml version="1.0" encoding="UTF-8"?>
<!-- Generated by org.testng.reporters.JUnitXMLReporter -->
<testsuite ignored="1" hostname="Dee-PC" failures="0" tests="1" name="NegativeTests" time="13.181" errors="0" timestamp="03 Apr 2019 00:31:41 GMT">
  <testcase classname="com.herokuapp.theinternet.NegativeTests" name="incorrectUsernameTest" time="13.154"/>
  <testcase classname="com.herokuapp.theinternet.NegativeTests" name="incorrectPasswordTest" time="0.0">
    <ignored/>
  </testcase> <!-- incorrectPasswordTest -->
</testsuite> <!-- NegativeTests -->
