<?xml version="1.0" encoding="UTF-8"?>
<testng-results ignored="3" total="4" passed="1" failed="0" skipped="0">
  <reporter-output>
  </reporter-output>
  <suite started-at="2019-04-10T00:43:30Z" name="Exceptions Tests Suite" finished-at="2019-04-10T00:43:47Z" duration-ms="16215">
    <groups>
    </groups>
    <test started-at="2019-04-10T00:43:30Z" name="Exceptions Test" finished-at="2019-04-10T00:43:47Z" duration-ms="16215">
      <class name="com.herokuapp.theinternet.ExceptionsTests">
        <test-method is-config="true" signature="setUp(java.lang.String)[pri:0, instance:com.herokuapp.theinternet.ExceptionsTests@3d34d211]" started-at="2019-04-10T00:43:30Z" name="setUp" finished-at="2019-04-10T00:43:38Z" duration-ms="7639" status="PASS">
          <params>
            <param index="0">
              <value>
                <![CDATA[chrome]]>
              </value>
            </param>
          </params>
          <reporter-output>
          </reporter-output>
        </test-method> <!-- setUp -->
        <test-method signature="staleElementTest()[pri:0, instance:com.herokuapp.theinternet.ExceptionsTests@3d34d211]" started-at="2019-04-10T00:43:38Z" name="staleElementTest" finished-at="2019-04-10T00:43:46Z" duration-ms="7893" status="PASS">
          <reporter-output>
          </reporter-output>
        </test-method> <!-- staleElementTest -->
        <test-method is-config="true" signature="tearDown()[pri:0, instance:com.herokuapp.theinternet.ExceptionsTests@3d34d211]" started-at="2019-04-10T00:43:46Z" name="tearDown" finished-at="2019-04-10T00:43:47Z" duration-ms="648" status="PASS">
          <reporter-output>
          </reporter-output>
        </test-method> <!-- tearDown -->
      </class> <!-- com.herokuapp.theinternet.ExceptionsTests -->
    </test> <!-- Exceptions Test -->
  </suite> <!-- Exceptions Tests Suite -->
</testng-results>
