<?xml version="1.0" encoding="UTF-8"?>
<!-- Generated by org.testng.reporters.JUnitXMLReporter -->
<testsuite ignored="1" hostname="DESKTOP-URFV0HQ" failures="0" tests="1" name="NegativeUsernameTests" time="7.54" errors="0" timestamp="2023-01-18T10:14:58 EST">
  <testcase classname="com.herokuapp.theinternet.LoginTests" name="negativeLoginTest" time="3.769"/>
  <testcase classname="com.herokuapp.theinternet.LoginTests" name="positiveLoginTest" time="0.0">
    <ignored/>
  </testcase> <!-- positiveLoginTest -->
</testsuite> <!-- NegativeUsernameTests -->
