<?xml version="1.0" encoding="UTF-8"?>
<testng-results ignored="1" total="2" passed="1" failed="0" skipped="0">
  <reporter-output>
  </reporter-output>
  <suite started-at="2019-04-03T00:12:34Z" name="NegativeTestsSuite" finished-at="2019-04-03T00:12:49Z" duration-ms="14843">
    <groups>
    </groups>
    <test started-at="2019-04-03T00:12:34Z" name="NegativeTests" finished-at="2019-04-03T00:12:49Z" duration-ms="14843">
      <class name="com.herokuapp.theinternet.NegativeTests">
        <test-method signature="incorrectUsernameTest()[pri:1, instance:com.herokuapp.theinternet.NegativeTests@3a52dba3]" started-at="2019-04-03T00:12:34Z" name="incorrectUsernameTest" finished-at="2019-04-03T00:12:49Z" duration-ms="14807" status="PASS">
          <reporter-output>
          </reporter-output>
        </test-method> <!-- incorrectUsernameTest -->
      </class> <!-- com.herokuapp.theinternet.NegativeTests -->
    </test> <!-- NegativeTests -->
  </suite> <!-- NegativeTestsSuite -->
</testng-results>
