<?xml version="1.0" encoding="UTF-8"?>
<!-- Generated by org.testng.reporters.JUnitXMLReporter -->
<testsuite ignored="1" hostname="Dee-PC" failures="0" tests="1" name="NegativePasswordTests" time="17.355" errors="0" timestamp="04 Apr 2019 01:25:21 GMT">
  <testcase classname="com.herokuapp.theinternet.LoginTests" name="negativeLoginTest" time="17.353"/>
  <testcase classname="com.herokuapp.theinternet.LoginTests" name="positiveLoginTest" time="0.0">
    <ignored/>
  </testcase> <!-- positiveLoginTest -->
</testsuite> <!-- NegativePasswordTests -->
