<?xml version="1.0" encoding="UTF-8"?>
<testng-results ignored="0" total="1" passed="1" failed="0" skipped="0">
  <reporter-output>
  </reporter-output>
  <suite started-at="2019-03-28T00:50:58Z" name="Surefire suite" finished-at="2019-03-28T00:51:20Z" duration-ms="21470">
    <groups>
    </groups>
    <test started-at="2019-03-28T00:50:58Z" name="Surefire test" finished-at="2019-03-28T00:51:20Z" duration-ms="21470">
      <class name="com.herokuapp.theinternet.PositiveTests">
        <test-method signature="loginTest()[pri:0, instance:com.herokuapp.theinternet.PositiveTests@61df66b6]" started-at="2019-03-28T00:50:58Z" name="loginTest" finished-at="2019-03-28T00:51:20Z" duration-ms="21439" status="PASS">
          <reporter-output>
          </reporter-output>
        </test-method> <!-- loginTest -->
      </class> <!-- com.herokuapp.theinternet.PositiveTests -->
    </test> <!-- Surefire test -->
  </suite> <!-- Surefire suite -->
</testng-results>
