<?xml version="1.0" encoding="UTF-8"?>
<testng-results ignored="0" total="2" passed="2" failed="0" skipped="0">
  <reporter-output>
  </reporter-output>
  <suite started-at="2019-03-30T00:50:00Z" name="Surefire suite" finished-at="2019-03-30T00:50:28Z" duration-ms="28145">
    <groups>
    </groups>
    <test started-at="2019-03-30T00:50:00Z" name="Surefire test" finished-at="2019-03-30T00:50:28Z" duration-ms="28145">
      <class name="com.herokuapp.theinternet.NegativeTests">
        <test-method signature="incorrectPasswordTest()[pri:0, instance:com.herokuapp.theinternet.NegativeTests@f5ac9e4]" started-at="2019-03-30T00:50:00Z" name="incorrectPasswordTest" finished-at="2019-03-30T00:50:16Z" duration-ms="15824" status="PASS">
          <reporter-output>
          </reporter-output>
        </test-method> <!-- incorrectPasswordTest -->
        <test-method signature="incorrectUsernameTest()[pri:0, instance:com.herokuapp.theinternet.NegativeTests@f5ac9e4]" started-at="2019-03-30T00:50:16Z" name="incorrectUsernameTest" finished-at="2019-03-30T00:50:28Z" duration-ms="12295" status="PASS">
          <reporter-output>
          </reporter-output>
        </test-method> <!-- incorrectUsernameTest -->
      </class> <!-- com.herokuapp.theinternet.NegativeTests -->
    </test> <!-- Surefire test -->
  </suite> <!-- Surefire suite -->
</testng-results>
