<?xml version="1.0" encoding="UTF-8"?>
<!-- Generated by org.testng.reporters.JUnitXMLReporter -->
<testsuite ignored="0" hostname="Dee-PC" failures="0" tests="2" name="Surefire test" time="28.145" errors="0" timestamp="30 Mar 2019 00:50:28 GMT">
  <testcase classname="com.herokuapp.theinternet.NegativeTests" name="incorrectPasswordTest" time="15.824"/>
  <testcase classname="com.herokuapp.theinternet.NegativeTests" name="incorrectUsernameTest" time="12.295"/>
</testsuite> <!-- Surefire test -->
