<?xml version="1.0" encoding="UTF-8"?>
<!-- Generated by org.testng.reporters.JUnitXMLReporter -->
<testsuite ignored="1" hostname="DESKTOP-URFV0HQ" failures="0" tests="1" name="ExceptionsTest" time="7.773" errors="0" timestamp="2023-01-19T18:16:00 EST">
  <testcase classname="com.herokuapp.theinternet.ExceptionsTests" name="elementNotInteractableExceptionTest" time="6.175"/>
  <testcase classname="com.herokuapp.theinternet.ExceptionsTests" name="noSuchElementExceptionTest" time="0.0">
    <ignored/>
  </testcase> <!-- noSuchElementExceptionTest -->
</testsuite> <!-- ExceptionsTest -->
