<?xml version="1.0" encoding="UTF-8"?>
<!-- Generated by org.testng.reporters.JUnitXMLReporter -->
<testsuite ignored="1" hostname="DESKTOP-URFV0HQ" failures="0" tests="1" name="NegativePasswordTests" time="9.936" errors="0" timestamp="2023-01-18T10:15:08 EST">
  <testcase classname="com.herokuapp.theinternet.LoginTests" name="negativeLoginTest" time="4.165"/>
  <testcase classname="com.herokuapp.theinternet.LoginTests" name="positiveLoginTest" time="0.0">
    <ignored/>
  </testcase> <!-- positiveLoginTest -->
</testsuite> <!-- NegativePasswordTests -->
