<?xml version="1.0" encoding="UTF-8"?>
<!-- Generated by org.testng.reporters.JUnitXMLReporter -->
<testsuite ignored="2" hostname="DESKTOP-URFV0HQ" failures="0" tests="1" name="ExceptionsTest" time="3.43" errors="0" timestamp="2023-01-21T16:54:41 EST">
  <testcase classname="com.herokuapp.theinternet.ExceptionsTests" name="invalidElementStateExceptionTest" time="1.869"/>
  <testcase classname="com.herokuapp.theinternet.ExceptionsTests" name="noSuchElementExceptionTest" time="0.0">
    <ignored/>
  </testcase> <!-- noSuchElementExceptionTest -->
  <testcase classname="com.herokuapp.theinternet.ExceptionsTests" name="elementNotInteractableExceptionTest" time="0.0">
    <ignored/>
  </testcase> <!-- elementNotInteractableExceptionTest -->
</testsuite> <!-- ExceptionsTest -->
