<?xml version="1.0" encoding="UTF-8"?>
<testng-results ignored="1" total="2" passed="1" failed="0" skipped="0">
  <reporter-output>
  </reporter-output>
  <suite started-at="2019-04-09T00:17:26Z" name="Exceptions Tests Suite" finished-at="2019-04-09T00:17:40Z" duration-ms="14523">
    <groups>
    </groups>
    <test started-at="2019-04-09T00:17:26Z" name="Exceptions Test" finished-at="2019-04-09T00:17:40Z" duration-ms="14523">
      <class name="com.herokuapp.theinternet.ExceptionsTests">
        <test-method is-config="true" signature="setUp(java.lang.String)[pri:0, instance:com.herokuapp.theinternet.ExceptionsTests@6f4a47c7]" started-at="2019-04-09T00:17:26Z" name="setUp" finished-at="2019-04-09T00:17:33Z" duration-ms="7569" status="PASS">
          <params>
            <param index="0">
              <value>
                <![CDATA[chrome]]>
              </value>
            </param>
          </params>
          <reporter-output>
          </reporter-output>
        </test-method> <!-- setUp -->
        <test-method signature="timeoutTest()[pri:0, instance:com.herokuapp.theinternet.ExceptionsTests@6f4a47c7]" started-at="2019-04-09T00:17:33Z" name="timeoutTest" finished-at="2019-04-09T00:17:40Z" duration-ms="6278" status="PASS">
          <reporter-output>
          </reporter-output>
        </test-method> <!-- timeoutTest -->
        <test-method is-config="true" signature="tearDown()[pri:0, instance:com.herokuapp.theinternet.ExceptionsTests@6f4a47c7]" started-at="2019-04-09T00:17:40Z" name="tearDown" finished-at="2019-04-09T00:17:40Z" duration-ms="645" status="PASS">
          <reporter-output>
          </reporter-output>
        </test-method> <!-- tearDown -->
      </class> <!-- com.herokuapp.theinternet.ExceptionsTests -->
    </test> <!-- Exceptions Test -->
  </suite> <!-- Exceptions Tests Suite -->
</testng-results>
